<?xml version="1.0" encoding="UTF-8"?>
<!-- Generated by org.testng.reporters.JUnitReportReporter -->
<testsuite skipped="0" hostname="MNARGUND6430" name="tests.ScenarioTwo" tests="1" failures="0" timestamp="10 Dec 2018 07:42:58 GMT" time="24.405" errors="0">
  <testcase name="workflowCount" time="24.405" classname="tests.ScenarioTwo"/>
</testsuite> <!-- tests.ScenarioTwo -->
